#
# There is insufficient memory for the Java Runtime Environment to continue.
# Native memory allocation (malloc) failed to allocate 1672736 bytes for Chunk::new
# Possible reasons:
#   The system is out of physical RAM or swap space
#   The process is running with CompressedOops enabled, and the Java Heap may be blocking the growth of the native heap
# Possible solutions:
#   Reduce memory load on the system
#   Increase physical memory or swap space
#   Check if swap backing store is full
#   Decrease Java heap size (-Xmx/-Xms)
#   Decrease number of Java threads
#   Decrease Java thread stack sizes (-Xss)
#   Set larger code cache with -XX:ReservedCodeCacheSize=
#   JVM is running with Unscaled Compressed Oops mode in which the Java heap is
#     placed in the first 4GB address space. The Java Heap base address is the
#     maximum limit for the native heap growth. Please use -XX:HeapBaseMinAddress
#     to set the Java Heap base and to place the Java Heap above 4GB virtual address.
# This output file may be truncated or incomplete.
#
#  Out of Memory Error (allocation.cpp:389), pid=14592, tid=0x0000000000002a24
#
# JRE version: OpenJDK Runtime Environment (8.0_242-b01) (build 1.8.0_242-release-1644-b01)
# Java VM: OpenJDK 64-Bit Server VM (25.242-b01 mixed mode windows-amd64 compressed oops)
# Failed to write core dump. Minidumps are not enabled by default on client versions of Windows
#

---------------  T H R E A D  ---------------

Current thread (0x00000000198da800):  JavaThread "C2 CompilerThread2" daemon [_thread_in_native, id=10788, stack(0x000000001a3a0000,0x000000001a4a0000)]

Stack: [0x000000001a3a0000,0x000000001a4a0000]
[error occurred during error reporting (printing stack bounds), id 0xc0000005]

Native frames: (J=compiled Java code, j=interpreted, Vv=VM code, C=native code)


Current CompileTask:
C2:22908864 36602 % !   4       com.android.ide.common.resources.MergedResourceWriter::postWriteAction @ 46 (1116 bytes)


---------------  P R O C E S S  ---------------

Java Threads: ( => current thread )
  0x0000000020598000 JavaThread "WorkerExecutor Queue Thread 3" [_thread_blocked, id=11980, stack(0x000000002c4f0000,0x000000002c5f0000)]
  0x0000000020595800 JavaThread "WorkerExecutor Queue Thread 2" [_thread_blocked, id=12576, stack(0x000000002c3f0000,0x000000002c4f0000)]
  0x0000000020597000 JavaThread "stdout" [_thread_in_native, id=9236, stack(0x000000002c2f0000,0x000000002c3f0000)]
  0x000000002059a000 JavaThread "stderr" [_thread_in_native, id=7920, stack(0x000000002c1f0000,0x000000002c2f0000)]
  0x0000000020596800 JavaThread "pool-92-thread-1" [_thread_blocked, id=14448, stack(0x000000002c0f0000,0x000000002c1f0000)]
  0x000000002058d000 JavaThread "WorkerExecutor Queue" [_thread_blocked, id=14616, stack(0x000000002bff0000,0x000000002c0f0000)]
  0x0000000020591800 JavaThread "Cache worker for execution history cache (C:\Users\user\AndroidStudioProjects\LetterSort\.gradle\6.1.1\executionHistory)" [_thread_blocked, id=424, stack(0x000000002bef0000,0x000000002bff0000)]
  0x0000000020590000 JavaThread "Execution worker for ':' Thread 7" [_thread_blocked, id=10972, stack(0x000000002b9f0000,0x000000002baf0000)]
  0x0000000020594000 JavaThread "Execution worker for ':' Thread 6" [_thread_blocked, id=8312, stack(0x000000002b8f0000,0x000000002b9f0000)]
  0x0000000020593800 JavaThread "Execution worker for ':' Thread 5" [_thread_blocked, id=14200, stack(0x000000002b5f0000,0x000000002b6f0000)]
  0x000000001b733000 JavaThread "Execution worker for ':' Thread 4" [_thread_blocked, id=9544, stack(0x000000002b2f0000,0x000000002b3f0000)]
  0x000000001b730800 JavaThread "Execution worker for ':' Thread 3" [_thread_blocked, id=4572, stack(0x000000002aef0000,0x000000002aff0000)]
  0x000000001b734800 JavaThread "Execution worker for ':' Thread 2" [_thread_blocked, id=7316, stack(0x000000002acf0000,0x000000002adf0000)]
  0x000000001b733800 JavaThread "Execution worker for ':'" [_thread_blocked, id=3304, stack(0x000000002a9f0000,0x000000002aaf0000)]
  0x000000001b731800 JavaThread "Cache worker for file content cache (C:\Users\user\AndroidStudioProjects\LetterSort\.gradle\6.1.1\fileContent)" [_thread_blocked, id=13940, stack(0x000000002a8f0000,0x000000002a9f0000)]
  0x000000001b732000 JavaThread "Cache worker for Build Output Cleanup Cache (C:\Users\user\AndroidStudioProjects\LetterSort\.gradle\buildOutputCleanup)" [_thread_blocked, id=1608, stack(0x000000002a7f0000,0x000000002a8f0000)]
  0x000000001b728800 JavaThread "Build operations Thread 8" [_thread_blocked, id=7540, stack(0x000000002a6f0000,0x000000002a7f0000)]
  0x000000001b72f000 JavaThread "Build operations Thread 7" [_thread_blocked, id=6412, stack(0x000000002a5f0000,0x000000002a6f0000)]
  0x000000001b72e800 JavaThread "Build operations Thread 6" [_thread_blocked, id=10720, stack(0x000000002a2f0000,0x000000002a3f0000)]
  0x000000001b727000 JavaThread "Build operations Thread 5" [_thread_blocked, id=3300, stack(0x0000000027640000,0x0000000027740000)]
  0x000000001b72b800 JavaThread "Build operations Thread 4" [_thread_blocked, id=15132, stack(0x0000000027220000,0x0000000027320000)]
  0x000000001b72a800 JavaThread "Build operations Thread 3" [_thread_blocked, id=7616, stack(0x0000000027120000,0x0000000027220000)]
  0x000000001b72d800 JavaThread "Build operations Thread 2" [_thread_blocked, id=11924, stack(0x0000000025980000,0x0000000025a80000)]
  0x000000001b729000 JavaThread "Build operations" [_thread_blocked, id=12928, stack(0x0000000025880000,0x0000000025980000)]
  0x000000001b72d000 JavaThread "Cache worker for cache directory md-rule (C:\Users\user\.gradle\caches\6.1.1\md-rule)" [_thread_blocked, id=10528, stack(0x0000000022fa0000,0x00000000230a0000)]
  0x000000001ae84800 JavaThread "Cache worker for cache directory md-supplier (C:\Users\user\.gradle\caches\6.1.1\md-supplier)" [_thread_blocked, id=10492, stack(0x0000000021da0000,0x0000000021ea0000)]
  0x000000001ae84000 JavaThread "Cache worker for file hash cache (C:\Users\user\AndroidStudioProjects\LetterSort\.gradle\6.1.1\fileHashes)" [_thread_blocked, id=14828, stack(0x0000000021ca0000,0x0000000021da0000)]
  0x000000001ae88800 JavaThread "Cache worker for checksums cache (C:\Users\user\AndroidStudioProjects\LetterSort\.gradle\checksums)" [_thread_blocked, id=14684, stack(0x0000000020b60000,0x0000000020c60000)]
  0x000000001ae87800 JavaThread "Thread-1026" [_thread_blocked, id=3580, stack(0x0000000020a60000,0x0000000020b60000)]
  0x000000001ae85800 JavaThread "Stdin handler" [_thread_blocked, id=4548, stack(0x000000001e0c0000,0x000000001e1c0000)]
  0x000000001ae7c800 JavaThread "Asynchronous log dispatcher for DefaultDaemonConnection: socket connection from /127.0.0.1:54831 to /127.0.0.1:62169" [_thread_blocked, id=11744, stack(0x000000001ddc0000,0x000000001dec0000)]
  0x000000001ae81800 JavaThread "Daemon worker Thread 28" [_thread_blocked, id=8768, stack(0x000000001dcc0000,0x000000001ddc0000)]
  0x000000001ae7a000 JavaThread "Cancel handler" [_thread_blocked, id=12352, stack(0x000000001d9c0000,0x000000001dac0000)]
  0x000000001ae79800 JavaThread "Handler for socket connection from /127.0.0.1:54831 to /127.0.0.1:62169" [_thread_in_native, id=13972, stack(0x000000001d8c0000,0x000000001d9c0000)]
  0x000000001ae7f800 JavaThread "Daemon Thread 28" [_thread_blocked, id=8612, stack(0x0000000000e90000,0x0000000000f90000)]
  0x000000002058e000 JavaThread "Cache worker for Java compile cache (C:\Users\user\.gradle\caches\6.1.1\javaCompile)" [_thread_blocked, id=13420, stack(0x000000002adf0000,0x000000002aef0000)]
  0x00000000198ea800 JavaThread "Cache worker for file content cache (C:\Users\user\.gradle\caches\6.1.1\fileContent)" [_thread_blocked, id=12004, stack(0x000000002a1f0000,0x000000002a2f0000)]
  0x00000000198eb800 JavaThread "Memory manager" [_thread_blocked, id=3520, stack(0x000000002a0f0000,0x000000002a1f0000)]
  0x00000000198ed000 JavaThread "Cache worker for execution history cache (C:\Users\user\.gradle\caches\6.1.1\executionHistory)" [_thread_blocked, id=6432, stack(0x00000000220a0000,0x00000000221a0000)]
  0x00000000198ea000 JavaThread "Cache worker for file hash cache (C:\Users\user\.gradle\caches\6.1.1\fileHashes)" [_thread_blocked, id=8492, stack(0x000000001e5c0000,0x000000001e6c0000)]
  0x00000000198ee800 JavaThread "File lock request listener" [_thread_in_native, id=11856, stack(0x000000001e4c0000,0x000000001e5c0000)]
  0x000000001ae07800 JavaThread "Cache worker for journal cache (C:\Users\user\.gradle\caches\journal-1)" [_thread_blocked, id=1336, stack(0x000000001e3c0000,0x000000001e4c0000)]
  0x000000001c35c000 JavaThread "Daemon periodic checks" [_thread_blocked, id=8032, stack(0x000000001d7c0000,0x000000001d8c0000)]
  0x000000001c35b000 JavaThread "Incoming local TCP Connector on port 54831" [_thread_in_native, id=11836, stack(0x000000001d580000,0x000000001d680000)]
  0x000000001c2ad000 JavaThread "Daemon health stats" [_thread_blocked, id=7148, stack(0x000000001cf40000,0x000000001d040000)]
  0x000000001997a800 JavaThread "Service Thread" daemon [_thread_blocked, id=11632, stack(0x000000001a5a0000,0x000000001a6a0000)]
  0x00000000198f1000 JavaThread "C1 CompilerThread3" daemon [_thread_blocked, id=13588, stack(0x000000001a4a0000,0x000000001a5a0000)]
=>0x00000000198da800 JavaThread "C2 CompilerThread2" daemon [_thread_in_native, id=10788, stack(0x000000001a3a0000,0x000000001a4a0000)]
  0x0000000017add000 JavaThread "C2 CompilerThread1" daemon [_thread_blocked, id=6996, stack(0x000000001a2a0000,0x000000001a3a0000)]
  0x0000000017ad9000 JavaThread "C2 CompilerThread0" daemon [_thread_blocked, id=12432, stack(0x000000001a1a0000,0x000000001a2a0000)]
  0x00000000198d5000 JavaThread "Attach Listener" daemon [_thread_blocked, id=15304, stack(0x000000001a0a0000,0x000000001a1a0000)]
  0x00000000198d4000 JavaThread "Signal Dispatcher" daemon [_thread_blocked, id=12476, stack(0x0000000019fa0000,0x000000001a0a0000)]
  0x0000000002a5c800 JavaThread "Finalizer" daemon [_thread_blocked, id=13004, stack(0x0000000019da0000,0x0000000019ea0000)]
  0x00000000198c0800 JavaThread "Reference Handler" daemon [_thread_blocked, id=12788, stack(0x0000000019ca0000,0x0000000019da0000)]
  0x000000000285e800 JavaThread "main" [_thread_blocked, id=15192, stack(0x0000000002860000,0x0000000002960000)]

Other Threads:
  0x0000000017ac8000 VMThread [stack: 0x00000000197a0000,0x00000000198a0000] [id=3056]
  0x000000001997b000 WatcherThread [stack: 0x000000001a6a0000,0x000000001a7a0000] [id=5288]

VM state:not at safepoint (normal execution)

VM Mutex/Monitor currently owned by a thread: None

heap address: 0x0000000080000000, size: 2048 MB, Compressed Oops mode: 32-bit
Narrow klass base: 0x0000000000000000, Narrow klass shift: 3
Compressed class space size: 1073741824 Address: 0x0000000100000000

Heap:
 PSYoungGen      total 638464K, used 202264K [0x00000000d5580000, 0x0000000100000000, 0x0000000100000000)
  eden space 586240K, 31% used [0x00000000d5580000,0x00000000e08050a8,0x00000000f9200000)
  from space 52224K, 37% used [0x00000000f9200000,0x00000000fa501150,0x00000000fc500000)
  to   space 49664K, 0% used [0x00000000fcf80000,0x00000000fcf80000,0x0000000100000000)
 ParOldGen       total 281088K, used 145002K [0x0000000080000000, 0x0000000091280000, 0x00000000d5580000)
  object space 281088K, 51% used [0x0000000080000000,0x0000000088d9abd8,0x0000000091280000)
 Metaspace       used 119300K, capacity 127878K, committed 130072K, reserved 1163264K
  class space    used 14967K, capacity 16452K, committed 16944K, reserved 1048576K

Card table byte_map: [0x0000000011e20000,0x0000000012230000] byte_map_base: 0x0000000011a20000

Marking Bits: (ParMarkBitMap*) 0x000000005e75f030
 Begin Bits: [0x0000000012ce0000, 0x0000000014ce0000)
 End Bits:   [0x0000000014ce0000, 0x0000000016ce0000)

Polling page: 0x0000000000a90000

CodeCache: size=245760Kb used=94581Kb max_used=96691Kb free=151178Kb
 bounds [0x0000000002a60000, 0x0000000008990000, 0x0000000011a60000]
 total_blobs=27233 nmethods=26272 adapters=868
 compilation: enabled

Compilation events (10 events):
Event: 22907.975 Thread 0x0000000017add000 nmethod 36608 0x0000000003c45e90 code [0x0000000003c45fe0, 0x0000000003c46078]
Event: 22907.990 Thread 0x0000000017add000 36610   !   4       org.gradle.api.internal.tasks.properties.ValidationActions::validate (46 bytes)
Event: 22907.993 Thread 0x0000000017add000 nmethod 36610 0x0000000004e5e250 code [0x0000000004e5e3a0, 0x0000000004e5e548]
Event: 22908.013 Thread 0x0000000017add000 36611       4       org.gradle.api.internal.tasks.properties.CompositePropertyVisitor::visitOutputFilePropertiesOnly (40 bytes)
Event: 22908.015 Thread 0x0000000017add000 nmethod 36611 0x0000000004c06410 code [0x0000000004c06560, 0x0000000004c06638]
Event: 22908.024 Thread 0x0000000017add000 36612       4       com.google.gson.internal.$Gson$Types::getRawType (157 bytes)
Event: 22908.027 Thread 0x0000000017add000 nmethod 36612 0x000000000709ae90 code [0x000000000709b020, 0x000000000709b308]
Event: 22908.031 Thread 0x0000000017add000 36613   !   4       java.io.ObjectStreamClass::getReflector (336 bytes)
Event: 22908.292 Thread 0x0000000017ad9000 nmethod 36531 0x0000000008087310 code [0x0000000008087a60, 0x000000000808de48]
Event: 22908.422 Thread 0x0000000017add000 nmethod 36613 0x00000000061d7750 code [0x00000000061d7ca0, 0x00000000061de8b0]

GC Heap History (10 events):
Event: 21596.154 GC heap before
{Heap before GC invocations=62 (full 5):
 PSYoungGen      total 658944K, used 39422K [0x00000000d5580000, 0x0000000100000000, 0x0000000100000000)
  eden space 619520K, 0% used [0x00000000d5580000,0x00000000d5580000,0x00000000fb280000)
  from space 39424K, 99% used [0x00000000fb280000,0x00000000fd8ff920,0x00000000fd900000)
  to   space 39936K, 0% used [0x00000000fd900000,0x00000000fd900000,0x0000000100000000)
 ParOldGen       total 200192K, used 199787K [0x0000000080000000, 0x000000008c380000, 0x00000000d5580000)
  object space 200192K, 99% used [0x0000000080000000,0x000000008c31ae30,0x000000008c380000)
 Metaspace       used 119452K, capacity 129268K, committed 129560K, reserved 1161216K
  class space    used 15207K, capacity 16868K, committed 16944K, reserved 1048576K
Event: 21597.495 GC heap after
Heap after GC invocations=62 (full 5):
 PSYoungGen      total 658944K, used 0K [0x00000000d5580000, 0x0000000100000000, 0x0000000100000000)
  eden space 619520K, 0% used [0x00000000d5580000,0x00000000d5580000,0x00000000fb280000)
  from space 39424K, 0% used [0x00000000fb280000,0x00000000fb280000,0x00000000fd900000)
  to   space 39936K, 0% used [0x00000000fd900000,0x00000000fd900000,0x0000000100000000)
 ParOldGen       total 281088K, used 118635K [0x0000000080000000, 0x0000000091280000, 0x00000000d5580000)
  object space 281088K, 42% used [0x0000000080000000,0x00000000873daee0,0x0000000091280000)
 Metaspace       used 115355K, capacity 122992K, committed 129560K, reserved 1161216K
  class space    used 14487K, capacity 15750K, committed 16944K, reserved 1048576K
}
Event: 22103.548 GC heap before
{Heap before GC invocations=63 (full 5):
 PSYoungGen      total 658944K, used 619172K [0x00000000d5580000, 0x0000000100000000, 0x0000000100000000)
  eden space 619520K, 99% used [0x00000000d5580000,0x00000000fb2292f8,0x00000000fb280000)
  from space 39424K, 0% used [0x00000000fb280000,0x00000000fb280000,0x00000000fd900000)
  to   space 39936K, 0% used [0x00000000fd900000,0x00000000fd900000,0x0000000100000000)
 ParOldGen       total 281088K, used 118635K [0x0000000080000000, 0x0000000091280000, 0x00000000d5580000)
  object space 281088K, 42% used [0x0000000080000000,0x00000000873daee0,0x0000000091280000)
 Metaspace       used 118527K, capacity 126980K, committed 129560K, reserved 1161216K
  class space    used 14921K, capacity 16339K, committed 16944K, reserved 1048576K
Event: 22103.578 GC heap after
Heap after GC invocations=63 (full 5):
 PSYoungGen      total 624128K, used 38489K [0x00000000d5580000, 0x0000000100000000, 0x0000000100000000)
  eden space 584192K, 0% used [0x00000000d5580000,0x00000000d5580000,0x00000000f9000000)
  from space 39936K, 96% used [0x00000000fd900000,0x00000000ffe96760,0x0000000100000000)
  to   space 57344K, 0% used [0x00000000f9000000,0x00000000f9000000,0x00000000fc800000)
 ParOldGen       total 281088K, used 118643K [0x0000000080000000, 0x0000000091280000, 0x00000000d5580000)
  object space 281088K, 42% used [0x0000000080000000,0x00000000873dcee0,0x0000000091280000)
 Metaspace       used 118527K, capacity 126980K, committed 129560K, reserved 1161216K
  class space    used 14921K, capacity 16339K, committed 16944K, reserved 1048576K
}
Event: 22107.127 GC heap before
{Heap before GC invocations=64 (full 5):
 PSYoungGen      total 624128K, used 620430K [0x00000000d5580000, 0x0000000100000000, 0x0000000100000000)
  eden space 584192K, 99% used [0x00000000d5580000,0x00000000f8dcd240,0x00000000f9000000)
  from space 39936K, 96% used [0x00000000fd900000,0x00000000ffe96760,0x0000000100000000)
  to   space 57344K, 0% used [0x00000000f9000000,0x00000000f9000000,0x00000000fc800000)
 ParOldGen       total 281088K, used 122742K [0x0000000080000000, 0x0000000091280000, 0x00000000d5580000)
  object space 281088K, 43% used [0x0000000080000000,0x00000000877dd8a8,0x0000000091280000)
 Metaspace       used 118681K, capacity 127152K, committed 129560K, reserved 1161216K
  class space    used 14924K, capacity 16343K, committed 16944K, reserved 1048576K
Event: 22107.172 GC heap after
Heap after GC invocations=64 (full 5):
 PSYoungGen      total 641536K, used 12192K [0x00000000d5580000, 0x0000000100000000, 0x0000000100000000)
  eden space 584192K, 0% used [0x00000000d5580000,0x00000000d5580000,0x00000000f9000000)
  from space 57344K, 21% used [0x00000000f9000000,0x00000000f9be81f8,0x00000000fc800000)
  to   space 55296K, 0% used [0x00000000fca00000,0x00000000fca00000,0x0000000100000000)
 ParOldGen       total 281088K, used 136940K [0x0000000080000000, 0x0000000091280000, 0x00000000d5580000)
  object space 281088K, 48% used [0x0000000080000000,0x00000000885bb378,0x0000000091280000)
 Metaspace       used 118681K, capacity 127152K, committed 129560K, reserved 1161216K
  class space    used 14924K, capacity 16343K, committed 16944K, reserved 1048576K
}
Event: 22306.761 GC heap before
{Heap before GC invocations=65 (full 5):
 PSYoungGen      total 641536K, used 596384K [0x00000000d5580000, 0x0000000100000000, 0x0000000100000000)
  eden space 584192K, 100% used [0x00000000d5580000,0x00000000f9000000,0x00000000f9000000)
  from space 57344K, 21% used [0x00000000f9000000,0x00000000f9be81f8,0x00000000fc800000)
  to   space 55296K, 0% used [0x00000000fca00000,0x00000000fca00000,0x0000000100000000)
 ParOldGen       total 281088K, used 136963K [0x0000000080000000, 0x0000000091280000, 0x00000000d5580000)
  object space 281088K, 48% used [0x0000000080000000,0x00000000885c0c18,0x0000000091280000)
 Metaspace       used 119046K, capacity 127584K, committed 129816K, reserved 1163264K
  class space    used 14957K, capacity 16435K, committed 16944K, reserved 1048576K
Event: 22306.810 GC heap after
Heap after GC invocations=65 (full 5):
 PSYoungGen      total 633344K, used 18740K [0x00000000d5580000, 0x00000000ff800000, 0x0000000100000000)
  eden space 586240K, 0% used [0x00000000d5580000,0x00000000d5580000,0x00000000f9200000)
  from space 47104K, 39% used [0x00000000fca00000,0x00000000fdc4d350,0x00000000ff800000)
  to   space 52224K, 0% used [0x00000000f9200000,0x00000000f9200000,0x00000000fc500000)
 ParOldGen       total 281088K, used 142113K [0x0000000080000000, 0x0000000091280000, 0x00000000d5580000)
  object space 281088K, 50% used [0x0000000080000000,0x0000000088ac8528,0x0000000091280000)
 Metaspace       used 119046K, capacity 127584K, committed 129816K, reserved 1163264K
  class space    used 14957K, capacity 16435K, committed 16944K, reserved 1048576K
}
Event: 22743.366 GC heap before
{Heap before GC invocations=66 (full 5):
 PSYoungGen      total 633344K, used 604937K [0x00000000d5580000, 0x00000000ff800000, 0x0000000100000000)
  eden space 586240K, 99% used [0x00000000d5580000,0x00000000f91f53d8,0x00000000f9200000)
  from space 47104K, 39% used [0x00000000fca00000,0x00000000fdc4d350,0x00000000ff800000)
  to   space 52224K, 0% used [0x00000000f9200000,0x00000000f9200000,0x00000000fc500000)
 ParOldGen       total 281088K, used 142113K [0x0000000080000000, 0x0000000091280000, 0x00000000d5580000)
  object space 281088K, 50% used [0x0000000080000000,0x0000000088ac8528,0x0000000091280000)
 Metaspace       used 119229K, capacity 127854K, committed 130072K, reserved 1163264K
  class space    used 14965K, capacity 16448K, committed 16944K, reserved 1048576K
Event: 22743.395 GC heap after
Heap after GC invocations=66 (full 5):
 PSYoungGen      total 638464K, used 19460K [0x00000000d5580000, 0x0000000100000000, 0x0000000100000000)
  eden space 586240K, 0% used [0x00000000d5580000,0x00000000d5580000,0x00000000f9200000)
  from space 52224K, 37% used [0x00000000f9200000,0x00000000fa501150,0x00000000fc500000)
  to   space 49664K, 0% used [0x00000000fcf80000,0x00000000fcf80000,0x0000000100000000)
 ParOldGen       total 281088K, used 145002K [0x0000000080000000, 0x0000000091280000, 0x00000000d5580000)
  object space 281088K, 51% used [0x0000000080000000,0x0000000088d9abd8,0x0000000091280000)
 Metaspace       used 119229K, capacity 127854K, committed 130072K, reserved 1163264K
  class space    used 14965K, capacity 16448K, committed 16944K, reserved 1048576K
}

Deoptimization events (10 events):
Event: 22185.071 Thread 0x000000001b732000 Uncommon trap: reason=array_check action=maybe_recompile pc=0x000000000891772c method=java.util.ComparableTimSort.mergeHi(IIII)V @ 171
Event: 22185.078 Thread 0x000000001b732000 Uncommon trap: reason=array_check action=maybe_recompile pc=0x000000000891772c method=java.util.ComparableTimSort.mergeHi(IIII)V @ 171
Event: 22185.535 Thread 0x0000000023930800 Uncommon trap: reason=array_check action=maybe_recompile pc=0x0000000008867280 method=java.util.TimSort.mergeHi(IIII)V @ 524
Event: 22740.998 Thread 0x0000000020593800 Uncommon trap: reason=null_check action=make_not_entrant pc=0x0000000007f6f9e0 method=org.gradle.api.internal.tasks.properties.bean.AbstractNestedRuntimeBeanNode$BeanPropertyValue.isProvider()Z @ 9
Event: 22743.410 Thread 0x000000002392a800 Uncommon trap: reason=array_check action=maybe_recompile pc=0x0000000008867280 method=java.util.TimSort.mergeHi(IIII)V @ 524
Event: 22743.507 Thread 0x0000000023927000 Uncommon trap: reason=class_check action=maybe_recompile pc=0x000000000873c154 method=java.util.concurrent.ForkJoinTask.doExec()I @ 10
Event: 22743.507 Thread 0x000000002392f000 Uncommon trap: reason=class_check action=maybe_recompile pc=0x000000000873c154 method=java.util.concurrent.ForkJoinTask.doExec()I @ 10
Event: 22743.507 Thread 0x0000000023932800 Uncommon trap: reason=class_check action=maybe_recompile pc=0x000000000873c154 method=java.util.concurrent.ForkJoinTask.doExec()I @ 10
Event: 22743.508 Thread 0x000000002392f000 Uncommon trap: reason=class_check action=maybe_recompile pc=0x000000000873c154 method=java.util.concurrent.ForkJoinTask.doExec()I @ 10
Event: 22743.508 Thread 0x0000000023932800 Uncommon trap: reason=class_check action=maybe_recompile pc=0x000000000873c154 method=java.util.concurrent.ForkJoinTask.doExec()I @ 10

Classes redefined (0 events):
No events

Internal exceptions (10 events):
Event: 22743.314 Thread 0x000000001ccde000 Exception <a 'sun/nio/fs/WindowsException'> (0x00000000f7d7a6e8) thrown at [C:\src\AOSP-openjdk-git\hotspot\src\share\vm\prims\jni.cpp, line 710]
Event: 22743.316 Thread 0x000000001ccde000 Exception <a 'sun/nio/fs/WindowsException'> (0x00000000f7d821a8) thrown at [C:\src\AOSP-openjdk-git\hotspot\src\share\vm\prims\jni.cpp, line 710]
Event: 22743.317 Thread 0x000000001ccde000 Exception <a 'sun/nio/fs/WindowsException'> (0x00000000f7d89c68) thrown at [C:\src\AOSP-openjdk-git\hotspot\src\share\vm\prims\jni.cpp, line 710]
Event: 22743.319 Thread 0x000000001ccde000 Exception <a 'sun/nio/fs/WindowsException'> (0x00000000f7d91720) thrown at [C:\src\AOSP-openjdk-git\hotspot\src\share\vm\prims\jni.cpp, line 710]
Event: 22743.321 Thread 0x000000001ccde000 Exception <a 'sun/nio/fs/WindowsException'> (0x00000000f7d991d8) thrown at [C:\src\AOSP-openjdk-git\hotspot\src\share\vm\prims\jni.cpp, line 710]
Event: 22743.322 Thread 0x000000001ccde000 Exception <a 'sun/nio/fs/WindowsException'> (0x00000000f7da0c90) thrown at [C:\src\AOSP-openjdk-git\hotspot\src\share\vm\prims\jni.cpp, line 710]
Event: 22743.324 Thread 0x000000001ccde000 Exception <a 'sun/nio/fs/WindowsException'> (0x00000000f85c2ee8) thrown at [C:\src\AOSP-openjdk-git\hotspot\src\share\vm\prims\jni.cpp, line 710]
Event: 22743.489 Thread 0x000000001cce2800 Exception <a 'sun/nio/fs/WindowsException'> (0x00000000d6590db0) thrown at [C:\src\AOSP-openjdk-git\hotspot\src\share\vm\prims\jni.cpp, line 710]
Event: 22743.592 Thread 0x000000002392f000 Exception <a 'sun/nio/fs/WindowsException'> (0x00000000d7d96b40) thrown at [C:\src\AOSP-openjdk-git\hotspot\src\share\vm\prims\jni.cpp, line 710]
Event: 22743.701 Thread 0x0000000020593800 Exception <a 'sun/nio/fs/WindowsException'> (0x00000000d88926a8) thrown at [C:\src\AOSP-openjdk-git\hotspot\src\share\vm\prims\jni.cpp, line 710]

Events (10 events):
Event: 22907.971 Thread 0x00000000198f1000 flushing nmethod 0x00000000059cc590
Event: 22907.993 Thread 0x0000000017add000 flushing nmethod 0x000000000630e810
Event: 22907.995 Thread 0x0000000017add000 flushing nmethod 0x00000000066c3cd0
Event: 22908.015 Thread 0x0000000017add000 flushing nmethod 0x000000000695da10
Event: 22908.017 Thread 0x0000000017add000 flushing nmethod 0x0000000006dc2ed0
Event: 22908.018 Thread 0x0000000017add000 flushing nmethod 0x000000000709ae90
Event: 22908.026 Thread 0x0000000020595800 Thread added: 0x0000000020595800
Event: 22908.027 Thread 0x0000000020598000 Thread added: 0x0000000020598000
Event: 22908.029 Executing VM operation: RevokeBias
Event: 22908.029 Executing VM operation: RevokeBias done


Dynamic libraries:
0x00007ff79f2f0000 - 0x00007ff79f321000 	C:\Program Files\Android\Android Studio\jre\bin\java.exe
0x00007fff1cd80000 - 0x00007fff1cf70000 	C:\WINDOWS\SYSTEM32\ntdll.dll
0x00007fff1b850000 - 0x00007fff1b902000 	C:\WINDOWS\System32\KERNEL32.DLL
0x00007fff19d30000 - 0x00007fff19fd5000 	C:\WINDOWS\System32\KERNELBASE.dll
0x00007fff1c180000 - 0x00007fff1c223000 	C:\WINDOWS\System32\ADVAPI32.dll
0x00007fff1cc60000 - 0x00007fff1ccfe000 	C:\WINDOWS\System32\msvcrt.dll
0x00007fff1b000000 - 0x00007fff1b097000 	C:\WINDOWS\System32\sechost.dll
0x00007fff1b160000 - 0x00007fff1b27f000 	C:\WINDOWS\System32\RPCRT4.dll
0x00007fff1c260000 - 0x00007fff1c3f4000 	C:\WINDOWS\System32\USER32.dll
0x00007fff1a140000 - 0x00007fff1a161000 	C:\WINDOWS\System32\win32u.dll
0x00007fff1c230000 - 0x00007fff1c256000 	C:\WINDOWS\System32\GDI32.dll
0x00007fff1a170000 - 0x00007fff1a308000 	C:\WINDOWS\System32\gdi32full.dll
0x00007fff1ad90000 - 0x00007fff1ae2e000 	C:\WINDOWS\System32\msvcp_win.dll
0x00007fff1a040000 - 0x00007fff1a13a000 	C:\WINDOWS\System32\ucrtbase.dll
0x00007fff0a700000 - 0x00007fff0a984000 	C:\WINDOWS\WinSxS\amd64_microsoft.windows.common-controls_6595b64144ccf1df_6.0.18362.1379_none_9e7ff3b3e45cc0c4\COMCTL32.dll
0x00007fff1b360000 - 0x00007fff1b697000 	C:\WINDOWS\System32\combase.dll
0x00007fff1a430000 - 0x00007fff1a4b1000 	C:\WINDOWS\System32\bcryptPrimitives.dll
0x00007fff1cd00000 - 0x00007fff1cd2e000 	C:\WINDOWS\System32\IMM32.DLL
0x000000005ddd0000 - 0x000000005dea2000 	C:\Program Files\Android\Android Studio\jre\jre\bin\msvcr100.dll
0x000000005df90000 - 0x000000005e7db000 	C:\Program Files\Android\Android Studio\jre\jre\bin\server\jvm.dll
0x00007fff1b280000 - 0x00007fff1b288000 	C:\WINDOWS\System32\PSAPI.DLL
0x00007fff050d0000 - 0x00007fff050d9000 	C:\WINDOWS\SYSTEM32\WSOCK32.dll
0x00007fff11fd0000 - 0x00007fff11fda000 	C:\WINDOWS\SYSTEM32\VERSION.dll
0x00007fff13050000 - 0x00007fff13074000 	C:\WINDOWS\SYSTEM32\WINMM.dll
0x00007fff1c990000 - 0x00007fff1c9ff000 	C:\WINDOWS\System32\WS2_32.dll
0x00007fff12f90000 - 0x00007fff12fbd000 	C:\WINDOWS\SYSTEM32\winmmbase.dll
0x00007fff1a310000 - 0x00007fff1a35a000 	C:\WINDOWS\System32\cfgmgr32.dll
0x00007fff0ca50000 - 0x00007fff0ca5f000 	C:\Program Files\Android\Android Studio\jre\jre\bin\verify.dll
0x00007fff0b610000 - 0x00007fff0b639000 	C:\Program Files\Android\Android Studio\jre\jre\bin\java.dll
0x00007fff0c340000 - 0x00007fff0c356000 	C:\Program Files\Android\Android Studio\jre\jre\bin\zip.dll
0x00007fff1ba90000 - 0x00007fff1c178000 	C:\WINDOWS\System32\SHELL32.dll
0x00007fff1b9e0000 - 0x00007fff1ba87000 	C:\WINDOWS\System32\shcore.dll
0x00007fff1a610000 - 0x00007fff1ad8b000 	C:\WINDOWS\System32\windows.storage.dll
0x00007fff19c60000 - 0x00007fff19c83000 	C:\WINDOWS\System32\profapi.dll
0x00007fff19cb0000 - 0x00007fff19cfa000 	C:\WINDOWS\System32\powrprof.dll
0x00007fff19c30000 - 0x00007fff19c40000 	C:\WINDOWS\System32\UMPDC.dll
0x00007fff1afa0000 - 0x00007fff1aff2000 	C:\WINDOWS\System32\shlwapi.dll
0x00007fff19c90000 - 0x00007fff19ca1000 	C:\WINDOWS\System32\kernel.appcore.dll
0x00007fff1a360000 - 0x00007fff1a377000 	C:\WINDOWS\System32\cryptsp.dll
0x00007fff0b5f0000 - 0x00007fff0b60a000 	C:\Program Files\Android\Android Studio\jre\jre\bin\net.dll
0x00007fff19470000 - 0x00007fff194d7000 	C:\WINDOWS\system32\mswsock.dll
0x00007fff0b5d0000 - 0x00007fff0b5e3000 	C:\Program Files\Android\Android Studio\jre\jre\bin\nio.dll
0x00007fff12910000 - 0x00007fff12936000 	C:\Users\user\.gradle\native\31\windows-amd64\native-platform.dll
0x00007fff0ca40000 - 0x00007fff0ca4d000 	C:\Program Files\Android\Android Studio\jre\jre\bin\management.dll
0x00007fff18ff0000 - 0x00007fff19023000 	C:\WINDOWS\system32\rsaenh.dll
0x00007fff19d00000 - 0x00007fff19d26000 	C:\WINDOWS\System32\bcrypt.dll
0x00007fff19b10000 - 0x00007fff19b35000 	C:\WINDOWS\SYSTEM32\USERENV.dll
0x00007fff19640000 - 0x00007fff1964c000 	C:\WINDOWS\SYSTEM32\CRYPTBASE.dll
0x00007fff19180000 - 0x00007fff191ba000 	C:\WINDOWS\SYSTEM32\IPHLPAPI.DLL
0x00007fff1cd30000 - 0x00007fff1cd38000 	C:\WINDOWS\System32\NSI.dll
0x00007fff11680000 - 0x00007fff11696000 	C:\WINDOWS\SYSTEM32\dhcpcsvc6.DLL
0x00007fff113b0000 - 0x00007fff113cc000 	C:\WINDOWS\SYSTEM32\dhcpcsvc.DLL
0x00007fff191c0000 - 0x00007fff1928b000 	C:\WINDOWS\SYSTEM32\DNSAPI.dll
0x00007fff0b3a0000 - 0x00007fff0b3c4000 	C:\Program Files\Android\Android Studio\jre\jre\bin\sunec.dll
0x00007fff0ebb0000 - 0x00007fff0ebba000 	C:\Windows\System32\rasadhlp.dll
0x00007fff10290000 - 0x00007fff10307000 	C:\WINDOWS\System32\fwpuclnt.dll
0x00007fff127a0000 - 0x00007fff127ab000 	C:\Program Files\Android\Android Studio\jre\jre\bin\sunmscapi.dll
0x00007fff1a4c0000 - 0x00007fff1a60a000 	C:\WINDOWS\System32\CRYPT32.dll
0x00007fff19c40000 - 0x00007fff19c52000 	C:\WINDOWS\System32\MSASN1.dll
0x00007fff18c70000 - 0x00007fff18ca1000 	C:\WINDOWS\SYSTEM32\ntmarta.dll
0x00007fff17270000 - 0x00007fff172ff000 	C:\WINDOWS\system32\apphelp.dll

VM Arguments:
jvm_args: -Xmx2048m -Dfile.encoding=windows-1252 -Duser.country=PH -Duser.language=en -Duser.variant 
java_command: org.gradle.launcher.daemon.bootstrap.GradleDaemon 6.1.1
java_class_path (initial): C:\Users\user\.gradle\wrapper\dists\gradle-6.1.1-all\cfmwm155h49vnt3hynmlrsdst\gradle-6.1.1\lib\gradle-launcher-6.1.1.jar
Launcher Type: SUN_STANDARD

Environment Variables:
JAVA_HOME=C:\Program Files\Java\jdk1.8.0_202
PATH=C:\app\user\product\11.2.0\dbhome_1\bin;C:\Program Files (x86)\Common Files\Oracle\Java\javapath;C:\WINDOWS\system32;C:\WINDOWS;C:\WINDOWS\System32\Wbem;C:\WINDOWS\System32\WindowsPowerShell\v1.0\;C:\Program Files\Intel\Intel(R) Management Engine Components\IPT\;C:\Program Files\Java\jdk1.8.0_202\bin;C:\WINDOWS\System32\OpenSSH\;C:\Program Files (x86)\Intel\Intel(R) Management Engine Components\DAL;C:\Program Files\Intel\Intel(R) Management Engine Components\DAL;C:\Program Files\nodejs\;C:\Program Files\MongoDB\Server\4.2\bin;C:\Program Files\dotnet\;C:\Program Files\Microsoft SQL Server\130\Tools\Binn\;C:\Program Files\Microsoft SQL Server\Client SDK\ODBC\170\Tools\Binn\;C:\Program Files\Git\cmd;C:\Program Files\MySQL\MySQL Shell 8.0\bin\;C:\Users\user\AppData\Local\Microsoft\WindowsApps;C:\Users\user\AppData\Local\Programs\Microsoft VS Code\bin;C:\Users\user\AppData\Roaming\npm;C:\Users\user\.dotnet\tools
USERNAME=user
OS=Windows_NT
PROCESSOR_IDENTIFIER=Intel64 Family 6 Model 142 Stepping 10, GenuineIntel



---------------  S Y S T E M  ---------------

OS: Windows 10.0 , 64 bit Build 18362 (10.0.18362.1350)

CPU:total 8 (initial active 8) (4 cores per cpu, 2 threads per core) family 6 model 142 stepping 10, cmov, cx8, fxsr, mmx, sse, sse2, sse3, ssse3, sse4.1, sse4.2, popcnt, avx, avx2, aes, clmul, erms, 3dnowpref, lzcnt, ht, tsc, tscinvbit, bmi1, bmi2, adx

Memory: 4k page, physical 8283900k(700548k free), swap 11212540k(1156k free)

vm_info: OpenJDK 64-Bit Server VM (25.242-b01) for windows-amd64 JRE (1.8.0_242-release-1644-b01), built by "builder" with MS VC++ 10.0 (VS2010)

time: Mon May 03 14:38:33 2021
timezone: Taipei Standard Time
elapsed time: 22908 seconds (0d 6h 21m 48s)

